SF:C:\Users\vsosapac\source\repos\NET\ws-wsmovimientos-netcore\WSMovimientos.Entidades\Modelo\DboContacto.cs
FN:4,System.Int32 WSMovimientos.Entidades.Modelo.DboContacto::get_Id()
FNDA:0,System.Int32 WSMovimientos.Entidades.Modelo.DboContacto::get_Id()
DA:5,0
FN:5,System.String WSMovimientos.Entidades.Modelo.DboContacto::get_Identificacion()
FNDA:0,System.String WSMovimientos.Entidades.Modelo.DboContacto::get_Identificacion()
DA:6,0
FN:6,System.String WSMovimientos.Entidades.Modelo.DboContacto::get_Numero()
FNDA:0,System.String WSMovimientos.Entidades.Modelo.DboContacto::get_Numero()
DA:7,0
FN:7,System.String WSMovimientos.Entidades.Modelo.DboContacto::get_Alias()
FNDA:0,System.String WSMovimientos.Entidades.Modelo.DboContacto::get_Alias()
DA:8,0
FN:8,System.String WSMovimientos.Entidades.Modelo.DboContacto::get_Marca()
FNDA:0,System.String WSMovimientos.Entidades.Modelo.DboContacto::get_Marca()
DA:9,0
FN:9,System.String WSMovimientos.Entidades.Modelo.DboContacto::get_Banco()
FNDA:0,System.String WSMovimientos.Entidades.Modelo.DboContacto::get_Banco()
DA:10,0
LF:6
LH:0
BRF:0
BRH:0
FNF:6
FNH:0
end_of_record
SF:C:\Users\vsosapac\source\repos\NET\ws-wsmovimientos-netcore\WSMovimientos.Entidades\Modelo\DboOrdenante.cs
FN:4,System.Int32 WSMovimientos.Entidades.Modelo.DboOrdenante::get_Id()
FNDA:0,System.Int32 WSMovimientos.Entidades.Modelo.DboOrdenante::get_Id()
DA:5,0
FN:5,System.String WSMovimientos.Entidades.Modelo.DboOrdenante::get_Identificacion()
FNDA:0,System.String WSMovimientos.Entidades.Modelo.DboOrdenante::get_Identificacion()
DA:6,0
FN:6,System.String WSMovimientos.Entidades.Modelo.DboOrdenante::get_TipoIdentificacion()
FNDA:0,System.String WSMovimientos.Entidades.Modelo.DboOrdenante::get_TipoIdentificacion()
DA:7,0
LF:3
LH:0
BRF:0
BRH:0
FNF:3
FNH:0
end_of_record
SF:C:\Users\vsosapac\source\repos\NET\ws-wsmovimientos-netcore\WSMovimientos.Entidades\Modelo\TblContacto.cs
FN:4,System.Int64 WSMovimientos.Entidades.Modelo.TblContacto::get_CtoCodigo()
FNDA:23,System.Int64 WSMovimientos.Entidades.Modelo.TblContacto::get_CtoCodigo()
DA:5,23
FN:5,System.String WSMovimientos.Entidades.Modelo.TblContacto::get_CtoIdentificacion()
FNDA:46,System.String WSMovimientos.Entidades.Modelo.TblContacto::get_CtoIdentificacion()
DA:6,46
FN:6,System.String WSMovimientos.Entidades.Modelo.TblContacto::get_CtoTipoIdentificacion()
FNDA:46,System.String WSMovimientos.Entidades.Modelo.TblContacto::get_CtoTipoIdentificacion()
DA:7,46
FN:7,System.String WSMovimientos.Entidades.Modelo.TblContacto::get_CtoAlias()
FNDA:22,System.String WSMovimientos.Entidades.Modelo.TblContacto::get_CtoAlias()
DA:8,22
FN:8,System.String WSMovimientos.Entidades.Modelo.TblContacto::get_CtoNumero()
FNDA:46,System.String WSMovimientos.Entidades.Modelo.TblContacto::get_CtoNumero()
DA:9,46
FN:9,System.String WSMovimientos.Entidades.Modelo.TblContacto::get_CtoMarca()
FNDA:46,System.String WSMovimientos.Entidades.Modelo.TblContacto::get_CtoMarca()
DA:10,46
FN:10,System.String WSMovimientos.Entidades.Modelo.TblContacto::get_CtoBanco()
FNDA:46,System.String WSMovimientos.Entidades.Modelo.TblContacto::get_CtoBanco()
DA:11,46
FN:11,System.DateTime WSMovimientos.Entidades.Modelo.TblContacto::get_CtoFechaCreacion()
FNDA:23,System.DateTime WSMovimientos.Entidades.Modelo.TblContacto::get_CtoFechaCreacion()
DA:12,23
FN:12,System.DateTime WSMovimientos.Entidades.Modelo.TblContacto::get_CtoFechaModificacion()
FNDA:23,System.DateTime WSMovimientos.Entidades.Modelo.TblContacto::get_CtoFechaModificacion()
DA:13,23
FN:13,System.Boolean WSMovimientos.Entidades.Modelo.TblContacto::get_CtoEstado()
FNDA:23,System.Boolean WSMovimientos.Entidades.Modelo.TblContacto::get_CtoEstado()
DA:14,23
LF:10
LH:10
BRF:0
BRH:0
FNF:10
FNH:10
end_of_record
SF:C:\Users\vsosapac\source\repos\NET\ws-wsmovimientos-netcore\WSMovimientos.Entidades\DTOS\ContactoCrea.cs
FN:4,System.String WSMovimientos.Entidades.DTOS.ContactoCrea::get_Alias()
FNDA:35,System.String WSMovimientos.Entidades.DTOS.ContactoCrea::get_Alias()
DA:5,35
FN:5,System.String WSMovimientos.Entidades.DTOS.ContactoCrea::get_Identificacion()
FNDA:38,System.String WSMovimientos.Entidades.DTOS.ContactoCrea::get_Identificacion()
DA:6,38
FN:6,System.String WSMovimientos.Entidades.DTOS.ContactoCrea::get_Numero()
FNDA:35,System.String WSMovimientos.Entidades.DTOS.ContactoCrea::get_Numero()
DA:7,35
FN:7,System.String WSMovimientos.Entidades.DTOS.ContactoCrea::get_Marca()
FNDA:35,System.String WSMovimientos.Entidades.DTOS.ContactoCrea::get_Marca()
DA:8,35
FN:8,System.String WSMovimientos.Entidades.DTOS.ContactoCrea::get_Banco()
FNDA:35,System.String WSMovimientos.Entidades.DTOS.ContactoCrea::get_Banco()
DA:9,35
FN:9,System.String WSMovimientos.Entidades.DTOS.ContactoCrea::get_TipoIdentificacion()
FNDA:38,System.String WSMovimientos.Entidades.DTOS.ContactoCrea::get_TipoIdentificacion()
DA:10,38
LF:6
LH:6
BRF:0
BRH:0
FNF:6
FNH:6
end_of_record
SF:C:\Users\vsosapac\source\repos\NET\ws-wsmovimientos-netcore\WSMovimientos.Entidades\DTOS\ContactoId.cs
FN:4,System.Int64 WSMovimientos.Entidades.DTOS.ContactoId::get_Id()
FNDA:40,System.Int64 WSMovimientos.Entidades.DTOS.ContactoId::get_Id()
DA:5,40
LF:1
LH:1
BRF:0
BRH:0
FNF:1
FNH:1
end_of_record
SF:C:\Users\vsosapac\source\repos\NET\ws-wsmovimientos-netcore\WSMovimientos.Entidades\DTOS\ContactoInfo.cs
FN:4,System.Int64 WSMovimientos.Entidades.DTOS.ContactoInfo::get_Id()
FNDA:57,System.Int64 WSMovimientos.Entidades.DTOS.ContactoInfo::get_Id()
DA:5,57
FN:5,System.String WSMovimientos.Entidades.DTOS.ContactoInfo::get_Alias()
FNDA:57,System.String WSMovimientos.Entidades.DTOS.ContactoInfo::get_Alias()
DA:6,57
FN:6,System.String WSMovimientos.Entidades.DTOS.ContactoInfo::get_Identificacion()
FNDA:57,System.String WSMovimientos.Entidades.DTOS.ContactoInfo::get_Identificacion()
DA:7,57
FN:7,System.String WSMovimientos.Entidades.DTOS.ContactoInfo::get_Numero()
FNDA:57,System.String WSMovimientos.Entidades.DTOS.ContactoInfo::get_Numero()
DA:8,57
FN:8,System.String WSMovimientos.Entidades.DTOS.ContactoInfo::get_Marca()
FNDA:57,System.String WSMovimientos.Entidades.DTOS.ContactoInfo::get_Marca()
DA:9,57
FN:9,System.String WSMovimientos.Entidades.DTOS.ContactoInfo::get_Banco()
FNDA:57,System.String WSMovimientos.Entidades.DTOS.ContactoInfo::get_Banco()
DA:10,57
LF:6
LH:6
BRF:0
BRH:0
FNF:6
FNH:6
end_of_record
SF:C:\Users\vsosapac\source\repos\NET\ws-wsmovimientos-netcore\WSMovimientos.Entidades\DTOS\Ordenante.cs
FN:4,System.String WSMovimientos.Entidades.DTOS.Ordenante::get_Identificacion()
FNDA:31,System.String WSMovimientos.Entidades.DTOS.Ordenante::get_Identificacion()
DA:5,31
FN:5,System.String WSMovimientos.Entidades.DTOS.Ordenante::get_TipoIdentificacion()
FNDA:31,System.String WSMovimientos.Entidades.DTOS.Ordenante::get_TipoIdentificacion()
DA:6,31
LF:2
LH:2
BRF:0
BRH:0
FNF:2
FNH:2
end_of_record
SF:C:\Users\vsosapac\source\repos\NET\ws-wsmovimientos-netcore\WSMovimientos.Entidades\DTOS\Salida\SalidaConsultaContactos.cs
FN:4,System.Collections.Generic.List`1<WSMovimientos.Entidades.DTOS.ContactoInfo> WSMovimientos.Entidades.DTOS.Salida.SalidaConsultaContactos::get_Contactos()
FNDA:14,System.Collections.Generic.List`1<WSMovimientos.Entidades.DTOS.ContactoInfo> WSMovimientos.Entidades.DTOS.Salida.SalidaConsultaContactos::get_Contactos()
DA:5,14
LF:1
LH:1
BRF:0
BRH:0
FNF:1
FNH:1
end_of_record
SF:C:\Users\vsosapac\source\repos\NET\ws-wsmovimientos-netcore\WSMovimientos.Entidades\DTOS\Salida\SalidaCreaContacto.cs
FN:5,WSMovimientos.Entidades.DTOS.ContactoId WSMovimientos.Entidades.DTOS.Salida.SalidaCreaContacto::get_contacto()
FNDA:14,WSMovimientos.Entidades.DTOS.ContactoId WSMovimientos.Entidades.DTOS.Salida.SalidaCreaContacto::get_contacto()
DA:6,14
LF:1
LH:1
BRF:0
BRH:0
FNF:1
FNH:1
end_of_record
SF:C:\Users\vsosapac\source\repos\NET\ws-wsmovimientos-netcore\WSMovimientos.Entidades\DTOS\Entrada\EntradaActualizaContacto.cs
FN:4,WSMovimientos.Entidades.DTOS.ContactoInfo WSMovimientos.Entidades.DTOS.Entrada.EntradaActualizaContacto::get_contacto()
FNDA:0,WSMovimientos.Entidades.DTOS.ContactoInfo WSMovimientos.Entidades.DTOS.Entrada.EntradaActualizaContacto::get_contacto()
DA:5,0
LF:1
LH:0
BRF:0
BRH:0
FNF:1
FNH:0
end_of_record
SF:C:\Users\vsosapac\source\repos\NET\ws-wsmovimientos-netcore\WSMovimientos.Entidades\DTOS\Entrada\EntradaConsultaContacto.cs
FN:4,System.Int32 WSMovimientos.Entidades.DTOS.Entrada.EntradaConsultaContacto::get_Filtro()
FNDA:25,System.Int32 WSMovimientos.Entidades.DTOS.Entrada.EntradaConsultaContacto::get_Filtro()
DA:5,25
FN:5,WSMovimientos.Entidades.DTOS.Ordenante WSMovimientos.Entidades.DTOS.Entrada.EntradaConsultaContacto::get_Ordenante()
FNDA:27,WSMovimientos.Entidades.DTOS.Ordenante WSMovimientos.Entidades.DTOS.Entrada.EntradaConsultaContacto::get_Ordenante()
DA:6,27
LF:2
LH:2
BRF:0
BRH:0
FNF:2
FNH:2
end_of_record
SF:C:\Users\vsosapac\source\repos\NET\ws-wsmovimientos-netcore\WSMovimientos.Entidades\DTOS\Entrada\EntradaCreaContacto.cs
FN:5,WSMovimientos.Entidades.DTOS.ContactoCrea WSMovimientos.Entidades.DTOS.Entrada.EntradaCreaContacto::get_contacto()
FNDA:23,WSMovimientos.Entidades.DTOS.ContactoCrea WSMovimientos.Entidades.DTOS.Entrada.EntradaCreaContacto::get_contacto()
DA:6,23
LF:1
LH:1
BRF:0
BRH:0
FNF:1
FNH:1
end_of_record
SF:C:\Users\vsosapac\source\repos\NET\ws-wsmovimientos-netcore\WSMovimientos.Entidades\DTOS\Entrada\EntradaEliminaContacto.cs
FN:4,WSMovimientos.Entidades.DTOS.Ordenante WSMovimientos.Entidades.DTOS.Entrada.EntradaEliminaContacto::get_Ordenante()
FNDA:0,WSMovimientos.Entidades.DTOS.Ordenante WSMovimientos.Entidades.DTOS.Entrada.EntradaEliminaContacto::get_Ordenante()
DA:5,0
LF:1
LH:0
BRF:0
BRH:0
FNF:1
FNH:0
end_of_record
SF:C:\Users\vsosapac\source\repos\NET\ws-wsmovimientos-netcore\WSMovimientos.Infraestructura\ContactosTarjetaCredito\ContactosTarjetaCreditoInfraestructura.cs
FN:37,System.Void WSMovimientos.Infraestructura.ContactosTarjetaCredito.ContactosTarjetaCreditoInfraestructura::.ctor(WSMovimientos.Dominio.Interfaces.Propiedades.IPropiedadesApi,WSMovimientos.Dominio.ContactosTarjetaCredito.IContactosTarjetaCreditoRepositorio,FluentValidation.IValidator`1<BP.API.Entidades.EEntrada`1<WSMovimientos.Entidades.DTOS.Entrada.EntradaConsultaContacto>>,FluentValidation.IValidator`1<BP.API.Entidades.EEntrada`1<WSMovimientos.Entidades.DTOS.Entrada.EntradaCreaContacto>>,FluentValidation.IValidator`1<BP.API.Entidades.EEntrada`1<WSMovimientos.Entidades.DTOS.Entrada.EntradaActualizaContacto>>)
FNDA:6,System.Void WSMovimientos.Infraestructura.ContactosTarjetaCredito.ContactosTarjetaCreditoInfraestructura::.ctor(WSMovimientos.Dominio.Interfaces.Propiedades.IPropiedadesApi,WSMovimientos.Dominio.ContactosTarjetaCredito.IContactosTarjetaCreditoRepositorio,FluentValidation.IValidator`1<BP.API.Entidades.EEntrada`1<WSMovimientos.Entidades.DTOS.Entrada.EntradaConsultaContacto>>,FluentValidation.IValidator`1<BP.API.Entidades.EEntrada`1<WSMovimientos.Entidades.DTOS.Entrada.EntradaCreaContacto>>,FluentValidation.IValidator`1<BP.API.Entidades.EEntrada`1<WSMovimientos.Entidades.DTOS.Entrada.EntradaActualizaContacto>>)
DA:38,6
DA:39,6
DA:40,6
DA:41,6
DA:42,6
DA:43,6
DA:44,6
DA:45,6
DA:46,6
DA:47,6
DA:48,6
DA:49,6
DA:50,6
FN:131,System.Void WSMovimientos.Infraestructura.ContactosTarjetaCredito.ContactosTarjetaCreditoInfraestructura/<ActualizarAsync>d__8::MoveNext()
FNDA:0,System.Void WSMovimientos.Infraestructura.ContactosTarjetaCredito.ContactosTarjetaCreditoInfraestructura/<ActualizarAsync>d__8::MoveNext()
DA:132,0
DA:133,0
DA:134,0
DA:135,0
DA:136,0
DA:137,0
DA:141,0
DA:142,0
DA:144,0
DA:145,0
DA:146,0
DA:147,0
DA:148,0
DA:149,0
DA:150,0
DA:151,0
BRDA:134,62,0,0
BRDA:137,126,0,0
BRDA:137,126,1,0
BRDA:137,138,0,0
BRDA:137,138,1,0
BRDA:134,62,1,0
BRDA:141,313,0,0
BRDA:141,313,1,0
FN:66,System.Void WSMovimientos.Infraestructura.ContactosTarjetaCredito.ContactosTarjetaCreditoInfraestructura/<ConsultarPorOrdenanteAsync>d__6::MoveNext()
FNDA:3,System.Void WSMovimientos.Infraestructura.ContactosTarjetaCredito.ContactosTarjetaCreditoInfraestructura/<ConsultarPorOrdenanteAsync>d__6::MoveNext()
DA:67,3
DA:68,3
DA:70,3
DA:71,3
DA:72,1
DA:73,1
DA:74,1
DA:77,2
DA:81,2
DA:82,2
DA:84,0
DA:85,0
DA:88,2
DA:89,1
DA:91,1
DA:92,1
DA:93,1
DA:94,1
DA:95,1
DA:96,1
DA:97,1
DA:98,1
DA:99,1
DA:100,1
BRDA:71,84,0,1
BRDA:74,148,0,0
BRDA:74,148,1,1
BRDA:74,160,0,0
BRDA:74,160,1,1
BRDA:71,84,1,2
BRDA:77,228,0,0
BRDA:77,228,1,2
BRDA:77,235,1,0
BRDA:77,235,0,2
BRDA:88,553,0,2
BRDA:88,553,1,0
BRDA:88,576,0,1
BRDA:88,576,1,1
BRDA:91,831,0,2
BRDA:91,831,1,0
BRDA:91,842,0,0
BRDA:91,842,1,2
FN:105,System.Void WSMovimientos.Infraestructura.ContactosTarjetaCredito.ContactosTarjetaCreditoInfraestructura/<CrearAsync>d__7::MoveNext()
FNDA:3,System.Void WSMovimientos.Infraestructura.ContactosTarjetaCredito.ContactosTarjetaCreditoInfraestructura/<CrearAsync>d__7::MoveNext()
DA:106,3
DA:107,3
DA:108,3
DA:109,1
DA:110,1
DA:111,1
DA:114,2
DA:116,3
DA:118,1
DA:119,1
DA:120,1
DA:121,1
DA:122,1
DA:123,1
DA:124,1
DA:125,1
DA:126,1
DA:127,1
BRDA:108,62,0,1
BRDA:111,126,0,0
BRDA:111,126,1,1
BRDA:111,138,0,0
BRDA:111,138,1,1
BRDA:108,62,1,2
BRDA:116,329,0,2
BRDA:116,329,1,0
BRDA:116,353,0,1
BRDA:116,353,1,1
LF:71
LH:53
BRF:36
BRH:18
FNF:4
FNH:3
end_of_record
SF:C:\Users\vsosapac\source\repos\NET\ws-wsmovimientos-netcore\WSMovimientos.Repositorio\ContactosTarjetaCredito\ContactosTarjetaCreditoRepositorio.cs
FN:36,System.Void WSMovimientos.Repositorio.ContactosTarjetaCredito.ContactosTarjetaCreditoRepositorio::.ctor(WSMovimientos.Dominio.Interfaces.Propiedades.IPropiedadesApi,WSMovimientos.Repositorio.Configuraciones.Context.BddContext,AutoMapper.IMapper)
FNDA:4,System.Void WSMovimientos.Repositorio.ContactosTarjetaCredito.ContactosTarjetaCreditoRepositorio::.ctor(WSMovimientos.Dominio.Interfaces.Propiedades.IPropiedadesApi,WSMovimientos.Repositorio.Configuraciones.Context.BddContext,AutoMapper.IMapper)
DA:37,4
DA:38,4
DA:39,4
DA:40,4
DA:41,4
DA:42,4
FN:136,System.Void WSMovimientos.Repositorio.ContactosTarjetaCredito.ContactosTarjetaCreditoRepositorio/<ActualizarAsync>d__7::MoveNext()
FNDA:0,System.Void WSMovimientos.Repositorio.ContactosTarjetaCredito.ContactosTarjetaCreditoRepositorio/<ActualizarAsync>d__7::MoveNext()
DA:137,0
DA:139,0
DA:141,0
DA:142,0
DA:144,0
DA:145,0
DA:146,0
DA:147,0
DA:148,0
DA:149,0
DA:151,0
DA:153,0
DA:156,0
DA:157,0
DA:159,0
DA:161,0
BRDA:142,346,0,0
BRDA:142,346,1,0
FN:83,System.Void WSMovimientos.Repositorio.ContactosTarjetaCredito.ContactosTarjetaCreditoRepositorio/<ConsultarPorOrdenanteAsync>d__5::MoveNext()
FNDA:0,System.Void WSMovimientos.Repositorio.ContactosTarjetaCredito.ContactosTarjetaCreditoRepositorio/<ConsultarPorOrdenanteAsync>d__5::MoveNext()
DA:84,0
DA:85,0
DA:86,0
DA:87,0
DA:88,0
DA:89,0
BRDA:88,586,0,0
BRDA:88,586,1,0
BRDA:88,597,0,0
BRDA:88,597,1,0
FN:61,System.Void WSMovimientos.Repositorio.ContactosTarjetaCredito.ContactosTarjetaCreditoRepositorio/<ConsultarPorOrdenanteYEstadoAsync>d__4::MoveNext()
FNDA:2,System.Void WSMovimientos.Repositorio.ContactosTarjetaCredito.ContactosTarjetaCreditoRepositorio/<ConsultarPorOrdenanteYEstadoAsync>d__4::MoveNext()
DA:62,2
DA:64,2
DA:65,2
DA:67,2
DA:68,0
DA:70,2
DA:71,2
DA:72,2
DA:73,2
DA:74,1
DA:76,1
DA:77,1
DA:78,1
DA:80,1
BRDA:67,105,0,0
BRDA:67,105,1,2
BRDA:78,827,0,1
BRDA:78,827,1,0
BRDA:78,838,0,0
BRDA:78,838,1,1
FN:99,System.Void WSMovimientos.Repositorio.ContactosTarjetaCredito.ContactosTarjetaCreditoRepositorio/<CrearAsync>d__6::MoveNext()
FNDA:2,System.Void WSMovimientos.Repositorio.ContactosTarjetaCredito.ContactosTarjetaCreditoRepositorio/<CrearAsync>d__6::MoveNext()
DA:100,2
DA:102,2
DA:104,2
DA:105,2
DA:106,1
DA:107,1
DA:108,1
DA:109,1
DA:110,1
DA:111,1
DA:112,1
DA:113,1
DA:114,1
DA:115,1
DA:118,1
DA:119,1
DA:121,1
DA:125,1
LF:60
LH:37
BRF:12
BRH:3
FNF:5
FNH:3
end_of_record
SF:C:\Users\vsosapac\source\repos\NET\ws-wsmovimientos-netcore\WSMovimientos.Repositorio\Configuraciones\Validaciones\ValidacionOrdenante.cs
FN:18,System.Void WSMovimientos.Repositorio.Configuraciones.Validaciones.ValidacionOrdenante::.ctor()
FNDA:1,System.Void WSMovimientos.Repositorio.Configuraciones.Validaciones.ValidacionOrdenante::.ctor()
DA:19,1
DA:20,1
DA:21,1
DA:22,1
DA:23,2
DA:25,1
DA:26,1
DA:28,1
DA:29,1
DA:31,1
LF:10
LH:10
BRF:0
BRH:0
FNF:1
FNH:1
end_of_record
SF:C:\Users\vsosapac\source\repos\NET\ws-wsmovimientos-netcore\WSMovimientos.Repositorio\Configuraciones\Validaciones\ValidaContactoActualiza.cs
FN:9,System.Void WSMovimientos.Repositorio.Configuraciones.Validaciones.ValidaContactoActualiza::.ctor()
FNDA:0,System.Void WSMovimientos.Repositorio.Configuraciones.Validaciones.ValidaContactoActualiza::.ctor()
DA:10,0
DA:11,0
DA:13,0
DA:14,0
DA:16,0
DA:17,0
DA:19,0
LF:7
LH:0
BRF:0
BRH:0
FNF:1
FNH:0
end_of_record
SF:C:\Users\vsosapac\source\repos\NET\ws-wsmovimientos-netcore\WSMovimientos.Repositorio\Configuraciones\Validaciones\ValidaContactoCrea.cs
FN:9,System.Void WSMovimientos.Repositorio.Configuraciones.Validaciones.ValidaContactoCrea::.ctor()
FNDA:1,System.Void WSMovimientos.Repositorio.Configuraciones.Validaciones.ValidaContactoCrea::.ctor()
DA:10,1
DA:11,1
DA:13,1
DA:14,1
DA:15,2
DA:17,1
DA:18,1
DA:20,1
DA:21,1
DA:23,1
LF:10
LH:10
BRF:0
BRH:0
FNF:1
FNH:1
end_of_record
SF:C:\Users\vsosapac\source\repos\NET\ws-wsmovimientos-netcore\WSMovimientos.Repositorio\Configuraciones\Validaciones\ValidaEntradaActualizaContactosTarjetaCredito.cs
FN:15,System.Void WSMovimientos.Repositorio.Configuraciones.Validaciones.ValidaEntradaActualizaContactosTarjetaCredito::<.ctor>b__0_2()
FNDA:0,System.Void WSMovimientos.Repositorio.Configuraciones.Validaciones.ValidaEntradaActualizaContactosTarjetaCredito::<.ctor>b__0_2()
DA:16,0
DA:17,0
DA:18,0
FN:20,System.Void WSMovimientos.Repositorio.Configuraciones.Validaciones.ValidaEntradaActualizaContactosTarjetaCredito::<.ctor>b__0_5()
FNDA:0,System.Void WSMovimientos.Repositorio.Configuraciones.Validaciones.ValidaEntradaActualizaContactosTarjetaCredito::<.ctor>b__0_5()
DA:21,0
DA:22,0
DA:23,0
FN:10,System.Void WSMovimientos.Repositorio.Configuraciones.Validaciones.ValidaEntradaActualizaContactosTarjetaCredito::.ctor()
FNDA:0,System.Void WSMovimientos.Repositorio.Configuraciones.Validaciones.ValidaEntradaActualizaContactosTarjetaCredito::.ctor()
DA:11,0
DA:12,0
DA:13,0
DA:14,0
DA:15,0
DA:19,0
DA:20,0
DA:25,0
LF:14
LH:0
BRF:0
BRH:0
FNF:3
FNH:0
end_of_record
SF:C:\Users\vsosapac\source\repos\NET\ws-wsmovimientos-netcore\WSMovimientos.Repositorio\Configuraciones\Validaciones\ValidaEntradaConsultaContactosTarjetaCredito.cs
FN:17,System.Void WSMovimientos.Repositorio.Configuraciones.Validaciones.ValidaEntradaConsultaContactosTarjetaCredito::<.ctor>b__0_2()
FNDA:1,System.Void WSMovimientos.Repositorio.Configuraciones.Validaciones.ValidaEntradaConsultaContactosTarjetaCredito::<.ctor>b__0_2()
DA:18,1
DA:19,1
DA:20,2
FN:22,System.Void WSMovimientos.Repositorio.Configuraciones.Validaciones.ValidaEntradaConsultaContactosTarjetaCredito::<.ctor>b__0_5()
FNDA:1,System.Void WSMovimientos.Repositorio.Configuraciones.Validaciones.ValidaEntradaConsultaContactosTarjetaCredito::<.ctor>b__0_5()
DA:23,1
DA:24,1
DA:25,2
FN:12,System.Void WSMovimientos.Repositorio.Configuraciones.Validaciones.ValidaEntradaConsultaContactosTarjetaCredito::.ctor()
FNDA:1,System.Void WSMovimientos.Repositorio.Configuraciones.Validaciones.ValidaEntradaConsultaContactosTarjetaCredito::.ctor()
DA:13,1
DA:14,1
DA:15,1
DA:16,1
DA:17,2
DA:21,1
DA:22,2
DA:26,1
LF:14
LH:14
BRF:0
BRH:0
FNF:3
FNH:3
end_of_record
SF:C:\Users\vsosapac\source\repos\NET\ws-wsmovimientos-netcore\WSMovimientos.Repositorio\Configuraciones\Validaciones\ValidaEntradaCreaContactosTarjetaCredito.cs
FN:15,System.Void WSMovimientos.Repositorio.Configuraciones.Validaciones.ValidaEntradaCreaContactosTarjetaCredito::<.ctor>b__0_2()
FNDA:1,System.Void WSMovimientos.Repositorio.Configuraciones.Validaciones.ValidaEntradaCreaContactosTarjetaCredito::<.ctor>b__0_2()
DA:16,1
DA:17,1
DA:18,2
FN:20,System.Void WSMovimientos.Repositorio.Configuraciones.Validaciones.ValidaEntradaCreaContactosTarjetaCredito::<.ctor>b__0_5()
FNDA:1,System.Void WSMovimientos.Repositorio.Configuraciones.Validaciones.ValidaEntradaCreaContactosTarjetaCredito::<.ctor>b__0_5()
DA:21,1
DA:22,1
DA:23,2
FN:10,System.Void WSMovimientos.Repositorio.Configuraciones.Validaciones.ValidaEntradaCreaContactosTarjetaCredito::.ctor()
FNDA:1,System.Void WSMovimientos.Repositorio.Configuraciones.Validaciones.ValidaEntradaCreaContactosTarjetaCredito::.ctor()
DA:11,1
DA:12,1
DA:13,1
DA:14,1
DA:15,2
DA:19,1
DA:20,2
DA:25,1
LF:14
LH:14
BRF:0
BRH:0
FNF:3
FNH:3
end_of_record
SF:C:\Users\vsosapac\source\repos\NET\ws-wsmovimientos-netcore\WSMovimientos.Repositorio\Configuraciones\Validaciones\ValidaHeaderIn.cs
FN:15,System.Void WSMovimientos.Repositorio.Configuraciones.Validaciones.ValidaHeaderIn::.ctor()
FNDA:2,System.Void WSMovimientos.Repositorio.Configuraciones.Validaciones.ValidaHeaderIn::.ctor()
DA:16,2
DA:17,2
DA:18,2
DA:19,2
DA:20,2
DA:21,2
DA:22,2
DA:23,2
DA:24,2
DA:25,2
DA:26,2
DA:27,2
DA:28,2
DA:29,2
DA:30,2
DA:31,2
DA:32,2
DA:33,4
DA:34,2
LF:19
LH:19
BRF:0
BRH:0
FNF:1
FNH:1
end_of_record
SF:C:\Users\vsosapac\source\repos\NET\ws-wsmovimientos-netcore\WSMovimientos.Repositorio\Configuraciones\Mapper\MapperProfile.cs
FN:8,System.Void WSMovimientos.Repositorio.Configuraciones.Mapper.MapperProfile::.ctor()
FNDA:0,System.Void WSMovimientos.Repositorio.Configuraciones.Mapper.MapperProfile::.ctor()
DA:9,0
DA:10,0
DA:11,0
DA:12,0
DA:13,0
DA:14,0
DA:15,0
DA:16,0
DA:17,0
DA:20,0
DA:21,0
DA:22,0
DA:23,0
DA:24,0
DA:25,0
DA:26,0
DA:33,0
LF:17
LH:0
BRF:0
BRH:0
FNF:1
FNH:0
end_of_record
SF:C:\Users\vsosapac\source\repos\NET\ws-wsmovimientos-netcore\WSMovimientos.Repositorio\Configuraciones\Context\BddContext.cs
FN:17,Microsoft.EntityFrameworkCore.DbSet`1<WSMovimientos.Entidades.Modelo.TblContacto> WSMovimientos.Repositorio.Configuraciones.Context.BddContext::get_TblContactos()
FNDA:12,Microsoft.EntityFrameworkCore.DbSet`1<WSMovimientos.Entidades.Modelo.TblContacto> WSMovimientos.Repositorio.Configuraciones.Context.BddContext::get_TblContactos()
DA:18,12
FN:20,System.Void WSMovimientos.Repositorio.Configuraciones.Context.BddContext::OnConfiguring(Microsoft.EntityFrameworkCore.DbContextOptionsBuilder)
FNDA:3,System.Void WSMovimientos.Repositorio.Configuraciones.Context.BddContext::OnConfiguring(Microsoft.EntityFrameworkCore.DbContextOptionsBuilder)
DA:21,3
DA:22,3
DA:23,0
DA:25,0
DA:26,0
DA:27,3
BRDA:22,12,0,0
BRDA:22,12,1,3
FN:29,System.Void WSMovimientos.Repositorio.Configuraciones.Context.BddContext::OnModelCreating(Microsoft.EntityFrameworkCore.ModelBuilder)
FNDA:2,System.Void WSMovimientos.Repositorio.Configuraciones.Context.BddContext::OnModelCreating(Microsoft.EntityFrameworkCore.ModelBuilder)
DA:30,2
DA:31,2
DA:32,2
DA:33,2
DA:34,2
DA:35,2
DA:36,2
DA:37,2
DA:38,2
DA:39,2
DA:40,2
DA:41,2
DA:42,2
DA:43,2
DA:44,2
DA:45,2
DA:46,2
DA:47,2
DA:48,2
DA:49,2
DA:50,2
DA:51,2
DA:52,2
DA:53,2
DA:54,2
DA:55,2
DA:56,2
DA:57,2
DA:58,2
DA:59,2
DA:60,2
DA:61,2
DA:62,2
DA:63,2
DA:64,2
DA:65,2
DA:66,2
DA:67,2
DA:68,2
DA:69,2
DA:70,2
DA:71,2
DA:72,2
DA:73,4
DA:76,2
FN:8,System.Void WSMovimientos.Repositorio.Configuraciones.Context.BddContext::.ctor()
FNDA:0,System.Void WSMovimientos.Repositorio.Configuraciones.Context.BddContext::.ctor()
DA:9,0
DA:10,0
DA:11,0
FN:13,System.Void WSMovimientos.Repositorio.Configuraciones.Context.BddContext::.ctor(Microsoft.EntityFrameworkCore.DbContextOptions`1<WSMovimientos.Repositorio.Configuraciones.Context.BddContext>)
FNDA:4,System.Void WSMovimientos.Repositorio.Configuraciones.Context.BddContext::.ctor(Microsoft.EntityFrameworkCore.DbContextOptions`1<WSMovimientos.Repositorio.Configuraciones.Context.BddContext>)
DA:14,4
DA:15,4
DA:16,4
LF:58
LH:52
BRF:2
BRH:1
FNF:5
FNH:4
end_of_record
SF:C:\Users\vsosapac\source\repos\NET\ws-wsmovimientos-netcore\WSMovimientos.Repositorio\Configuraciones\Api\PropiedadesApi.cs
FN:38,System.String WSMovimientos.Repositorio.Configuraciones.Api.PropiedadesApi::ConsultarApi(System.String)
FNDA:0,System.String WSMovimientos.Repositorio.Configuraciones.Api.PropiedadesApi::ConsultarApi(System.String)
DA:39,0
DA:40,0
DA:41,0
FN:48,System.String WSMovimientos.Repositorio.Configuraciones.Api.PropiedadesApi::ConsultarCatalogo(System.String)
FNDA:0,System.String WSMovimientos.Repositorio.Configuraciones.Api.PropiedadesApi::ConsultarCatalogo(System.String)
DA:49,0
DA:50,0
DA:51,0
FN:57,System.String WSMovimientos.Repositorio.Configuraciones.Api.PropiedadesApi::BackendOpenShift()
FNDA:0,System.String WSMovimientos.Repositorio.Configuraciones.Api.PropiedadesApi::BackendOpenShift()
DA:58,0
DA:59,0
DA:60,0
FN:66,System.Int32 WSMovimientos.Repositorio.Configuraciones.Api.PropiedadesApi::PausaBackgroundService()
FNDA:0,System.Int32 WSMovimientos.Repositorio.Configuraciones.Api.PropiedadesApi::PausaBackgroundService()
DA:67,0
DA:68,0
DA:69,0
FN:75,System.String WSMovimientos.Repositorio.Configuraciones.Api.PropiedadesApi::BackendKafka()
FNDA:0,System.String WSMovimientos.Repositorio.Configuraciones.Api.PropiedadesApi::BackendKafka()
DA:76,0
DA:77,0
DA:78,0
FN:21,System.Void WSMovimientos.Repositorio.Configuraciones.Api.PropiedadesApi::.ctor()
FNDA:0,System.Void WSMovimientos.Repositorio.Configuraciones.Api.PropiedadesApi::.ctor()
DA:22,0
DA:23,0
DA:25,0
DA:28,0
DA:30,0
LF:20
LH:0
BRF:0
BRH:0
FNF:6
FNH:0
end_of_record